2023-08-06 06:20:49.547805 - Initialized conversion of CBT664
2023-08-06 06:20:49.802244 - Received CBT.V505.FILE664.PDS from FILE664.XMI 
2023-08-06 06:20:49.804686 - Found $$$#DATE.txt (text/plain) in CBT.V505.FILE664.PDS, moved to PDS/$$$#DATE
2023-08-06 06:20:49.805922 - Found $$INTRO.txt (text/plain) in CBT.V505.FILE664.PDS, moved to PDS/$$INTRO
2023-08-06 06:20:49.806857 - Found $ELAPSED.txt (text/plain) in CBT.V505.FILE664.PDS, moved to PDS/$ELAPSED
2023-08-06 06:20:49.807931 - Found $INDEX.txt (text/plain) in CBT.V505.FILE664.PDS, moved to PDS/$INDEX
2023-08-06 06:20:49.809074 - Found @FILE664.txt (text/plain) in CBT.V505.FILE664.PDS, moved to PDS/@FILE664
2023-08-06 06:20:49.810099 - Found ELAPSED.txt (text/plain) in CBT.V505.FILE664.PDS, moved to PDS/ELAPSED
2023-08-06 06:20:49.810112 - Found ELAPSEXE.x-dosexec containing application/x-dosexec, moved to PDS/ELAPSEXE
2023-08-06 06:20:49.812213 - Found EYEC.txt (text/plain) in CBT.V505.FILE664.PDS, moved to PDS/EYEC
2023-08-06 06:20:49.813121 - Found RUNDATES.txt (text/plain) in CBT.V505.FILE664.PDS, moved to PDS/RUNDATES
2023-08-06 06:20:49.814099 - Found RUNDCOPY.txt (text/plain) in CBT.V505.FILE664.PDS, moved to PDS/RUNDCOPY
2023-08-06 06:20:49.815040 - Found YREGS.txt (text/plain) in CBT.V505.FILE664.PDS, moved to PDS/YREGS
2023-08-06 06:20:49.816007 - Found Y2K$ASM.jcl (text/plain) in CBT.V505.FILE664.PDS, moved to PDS/Y2K$ASM
2023-08-06 06:20:49.816946 - Found Y2K$INST.jcl (text/plain) in CBT.V505.FILE664.PDS, moved to PDS/Y2K$INST
2023-08-06 06:20:49.817928 - Found Y2K$IVP.jcl (text/plain) in CBT.V505.FILE664.PDS, moved to PDS/Y2K$IVP
2023-08-06 06:20:49.818887 - Found Y2KATOG.txt (text/plain) in CBT.V505.FILE664.PDS, moved to PDS/Y2KATOG
2023-08-06 06:20:49.819857 - Found Y2KCONV.txt (text/plain) in CBT.V505.FILE664.PDS, moved to PDS/Y2KCONV
2023-08-06 06:20:49.820749 - Found Y2KDFMT.txt (text/plain) in CBT.V505.FILE664.PDS, moved to PDS/Y2KDFMT
2023-08-06 06:20:49.821635 - Found Y2KDOWN.txt (text/plain) in CBT.V505.FILE664.PDS, moved to PDS/Y2KDOWN
2023-08-06 06:20:49.822550 - Found Y2KESTR.txt (text/plain) in CBT.V505.FILE664.PDS, moved to PDS/Y2KESTR
2023-08-06 06:20:49.823482 - Found Y2KGETD.txt (text/plain) in CBT.V505.FILE664.PDS, moved to PDS/Y2KGETD
2023-08-06 06:20:49.824463 - Found Y2KGTOA.txt (text/plain) in CBT.V505.FILE664.PDS, moved to PDS/Y2KGTOA
2023-08-06 06:20:49.825363 - Found Y2KGTOJ.txt (text/plain) in CBT.V505.FILE664.PDS, moved to PDS/Y2KGTOJ
2023-08-06 06:20:49.826333 - Found Y2KIVP.txt (text/plain) in CBT.V505.FILE664.PDS, moved to PDS/Y2KIVP
2023-08-06 06:20:49.827287 - Found Y2KIVPD.txt (text/plain) in CBT.V505.FILE664.PDS, moved to PDS/Y2KIVPD
2023-08-06 06:20:49.828171 - Found Y2KJTOG.txt (text/plain) in CBT.V505.FILE664.PDS, moved to PDS/Y2KJTOG
2023-08-06 06:20:49.829068 - Found Y2KLAGE.txt (text/plain) in CBT.V505.FILE664.PDS, moved to PDS/Y2KLAGE
2023-08-06 06:20:49.830036 - Found Y2KLEAP.txt (text/plain) in CBT.V505.FILE664.PDS, moved to PDS/Y2KLEAP
2023-08-06 06:20:49.831083 - Found Y2KPROJ.txt (text/plain) in CBT.V505.FILE664.PDS, moved to PDS/Y2KPROJ
2023-08-06 06:20:49.832102 - Found Y2KSAGE.txt (text/plain) in CBT.V505.FILE664.PDS, moved to PDS/Y2KSAGE
2023-08-06 06:20:49.833138 - Found Y2KSCAN.txt (text/plain) in CBT.V505.FILE664.PDS, moved to PDS/Y2KSCAN
2023-08-06 06:20:49.834157 - Found Y2KTDOW.txt (text/plain) in CBT.V505.FILE664.PDS, moved to PDS/Y2KTDOW
